<?xml version="1.0" encoding="UTF-8"?>
<!-- Generated by org.testng.reporters.JUnitReportReporter -->
<testsuite skipped="0" hostname="Suraj-9693" name="com.qa.TestScripts.Test1" tests="1" failures="0" timestamp="12 Apr 2018 23:23:55 GMT" time="17.446" errors="0">
  <testcase name="ATest" time="17.446" classname="com.qa.TestScripts.Test1"/>
</testsuite> <!-- com.qa.TestScripts.Test1 -->
