<?xml version="1.0" encoding="UTF-8"?>
<!-- Generated by org.testng.reporters.JUnitReportReporter -->
<testsuite skipped="0" hostname="Suraj-9693" name="com.qa.objRepo.DataDrivenTest" tests="6" failures="0" timestamp="13 Apr 2018 09:07:20 GMT" time="0.032" errors="0">
  <testcase name="excelTest" time="0.000" classname="com.qa.objRepo.DataDrivenTest"/>
  <testcase name="excelTest" time="0.000" classname="com.qa.objRepo.DataDrivenTest"/>
  <testcase name="excelTest" time="0.000" classname="com.qa.objRepo.DataDrivenTest"/>
  <testcase name="excelTest" time="0.000" classname="com.qa.objRepo.DataDrivenTest"/>
  <testcase name="excelTest" time="0.016" classname="com.qa.objRepo.DataDrivenTest"/>
  <testcase name="excelTest" time="0.016" classname="com.qa.objRepo.DataDrivenTest"/>
</testsuite> <!-- com.qa.objRepo.DataDrivenTest -->
