<?xml version="1.0" encoding="UTF-8"?>
<!-- Generated by org.testng.reporters.JUnitReportReporter -->
<testsuite skipped="0" hostname="Suraj-9693" name="com.qa.TestScripts.Test1" tests="1" failures="0" timestamp="13 Apr 2018 10:24:05 GMT" time="80.087" errors="0">
  <testcase name="ATest" time="80.087" classname="com.qa.TestScripts.Test1"/>
</testsuite> <!-- com.qa.TestScripts.Test1 -->
